# JRE version: OpenJDK Runtime Environment (8.0_152-b02) (build 1.8.0_152-release-1024-b02)
# Java VM: OpenJDK 64-Bit Server VM (25.152-b02 mixed mode windows-amd64 compressed oops)
Heap:
 PSYoungGen      total 323072K, used 36659K [0x000000076ab00000, 0x0000000781b80000, 0x00000007c0000000)
  eden space 296448K, 3% used [0x000000076ab00000,0x000000076b689580,0x000000077cc80000)
  from space 26624K, 93% used [0x000000077e980000,0x00000007801c36b8,0x0000000780380000)
  to   space 29696K, 0% used [0x000000077cc80000,0x000000077cc80000,0x000000077e980000)
 ParOldGen       total 122368K, used 61384K [0x00000006c0000000, 0x00000006c7780000, 0x000000076ab00000)
  object space 122368K, 50% used [0x00000006c0000000,0x00000006c3bf21e8,0x00000006c7780000)
 Metaspace       used 83860K, capacity 87168K, committed 87512K, reserved 1124352K
  class space    used 10870K, capacity 11617K, committed 11736K, reserved 1048576K
GC Heap History (10 events):
Event: 59.999 GC heap before
{Heap before GC invocations=11 (full 2):
 PSYoungGen      total 201728K, used 192408K [0x000000076ab00000, 0x0000000779780000, 0x00000007c0000000)
  eden space 188416K, 95% used [0x000000076ab00000,0x00000007759ea898,0x0000000776300000)
  from space 13312K, 99% used [0x0000000777200000,0x0000000777efba40,0x0000000777f00000)
  to   space 15360K, 0% used [0x0000000776300000,0x0000000776300000,0x0000000777200000)
 ParOldGen       total 79872K, used 21063K [0x00000006c0000000, 0x00000006c4e00000, 0x000000076ab00000)
  object space 79872K, 26% used [0x00000006c0000000,0x00000006c1491f68,0x00000006c4e00000)
 Metaspace       used 56818K, capacity 58894K, committed 58968K, reserved 1099776K
  class space    used 7660K, capacity 8220K, committed 8280K, reserved 1048576K
Event: 60.068 GC heap after
Heap after GC invocations=11 (full 2):
 PSYoungGen      total 203776K, used 15358K [0x000000076ab00000, 0x000000077d280000, 0x00000007c0000000)
  eden space 188416K, 0% used [0x000000076ab00000,0x000000076ab00000,0x0000000776300000)
  from space 15360K, 99% used [0x0000000776300000,0x00000007771ffbd8,0x0000000777200000)
  to   space 22528K, 0% used [0x000000077bc80000,0x000000077bc80000,0x000000077d280000)
 ParOldGen       total 79872K, used 33488K [0x00000006c0000000, 0x00000006c4e00000, 0x000000076ab00000)
  object space 79872K, 41% used [0x00000006c0000000,0x00000006c20b4390,0x00000006c4e00000)
 Metaspace       used 56818K, capacity 58894K, committed 58968K, reserved 1099776K
  class space    used 7660K, capacity 8220K, committed 8280K, reserved 1048576K
}
Event: 60.068 GC heap before
{Heap before GC invocations=12 (full 3):
 PSYoungGen      total 203776K, used 15358K [0x000000076ab00000, 0x000000077d280000, 0x00000007c0000000)
  eden space 188416K, 0% used [0x000000076ab00000,0x000000076ab00000,0x0000000776300000)
  from space 15360K, 99% used [0x0000000776300000,0x00000007771ffbd8,0x0000000777200000)
  to   space 22528K, 0% used [0x000000077bc80000,0x000000077bc80000,0x000000077d280000)
 ParOldGen       total 79872K, used 33488K [0x00000006c0000000, 0x00000006c4e00000, 0x000000076ab00000)
  object space 79872K, 41% used [0x00000006c0000000,0x00000006c20b4390,0x00000006c4e00000)
 Metaspace       used 56818K, capacity 58894K, committed 58968K, reserved 1099776K
  class space    used 7660K, capacity 8220K, committed 8280K, reserved 1048576K
Event: 60.433 GC heap after
Heap after GC invocations=12 (full 3):
 PSYoungGen      total 203776K, used 0K [0x000000076ab00000, 0x000000077d280000, 0x00000007c0000000)
  eden space 188416K, 0% used [0x000000076ab00000,0x000000076ab00000,0x0000000776300000)
  from space 15360K, 0% used [0x0000000776300000,0x0000000776300000,0x0000000777200000)
  to   space 22528K, 0% used [0x000000077bc80000,0x000000077bc80000,0x000000077d280000)
 ParOldGen       total 122368K, used 41122K [0x00000006c0000000, 0x00000006c7780000, 0x000000076ab00000)
  object space 122368K, 33% used [0x00000006c0000000,0x00000006c2828858,0x00000006c7780000)
 Metaspace       used 56788K, capacity 58774K, committed 58968K, reserved 1099776K
  class space    used 7651K, capacity 8180K, committed 8280K, reserved 1048576K
}
Event: 95.509 GC heap before
{Heap before GC invocations=13 (full 3):
 PSYoungGen      total 203776K, used 188416K [0x000000076ab00000, 0x000000077d280000, 0x00000007c0000000)
  eden space 188416K, 100% used [0x000000076ab00000,0x0000000776300000,0x0000000776300000)
  from space 15360K, 0% used [0x0000000776300000,0x0000000776300000,0x0000000777200000)
  to   space 22528K, 0% used [0x000000077bc80000,0x000000077bc80000,0x000000077d280000)
 ParOldGen       total 122368K, used 41122K [0x00000006c0000000, 0x00000006c7780000, 0x000000076ab00000)
  object space 122368K, 33% used [0x00000006c0000000,0x00000006c2828858,0x00000006c7780000)
 Metaspace       used 65725K, capacity 68160K, committed 68312K, reserved 1107968K
  class space    used 8650K, capacity 9305K, committed 9432K, reserved 1048576K
Event: 95.574 GC heap after
Heap after GC invocations=13 (full 3):
 PSYoungGen      total 260096K, used 22513K [0x000000076ab00000, 0x000000077d280000, 0x00000007c0000000)
  eden space 237568K, 0% used [0x000000076ab00000,0x000000076ab00000,0x0000000779300000)
  from space 22528K, 99% used [0x000000077bc80000,0x000000077d27c460,0x000000077d280000)
  to   space 25600K, 0% used [0x000000077a080000,0x000000077a080000,0x000000077b980000)
 ParOldGen       total 122368K, used 41374K [0x00000006c0000000, 0x00000006c7780000, 0x000000076ab00000)
  object space 122368K, 33% used [0x00000006c0000000,0x00000006c2867900,0x00000006c7780000)
 Metaspace       used 65725K, capacity 68160K, committed 68312K, reserved 1107968K
  class space    used 8650K, capacity 9305K, committed 9432K, reserved 1048576K
}
Event: 213.524 GC heap before
{Heap before GC invocations=14 (full 3):
 PSYoungGen      total 260096K, used 260081K [0x000000076ab00000, 0x000000077d280000, 0x00000007c0000000)
  eden space 237568K, 100% used [0x000000076ab00000,0x0000000779300000,0x0000000779300000)
  from space 22528K, 99% used [0x000000077bc80000,0x000000077d27c460,0x000000077d280000)
  to   space 25600K, 0% used [0x000000077a080000,0x000000077a080000,0x000000077b980000)
 ParOldGen       total 122368K, used 41374K [0x00000006c0000000, 0x00000006c7780000, 0x000000076ab00000)
  object space 122368K, 33% used [0x00000006c0000000,0x00000006c2867900,0x00000006c7780000)
 Metaspace       used 75182K, capacity 77824K, committed 77912K, reserved 1116160K
  class space    used 9859K, capacity 10539K, committed 10584K, reserved 1048576K
Event: 214.485 GC heap after
Heap after GC invocations=14 (full 3):
 PSYoungGen      total 276992K, used 17675K [0x000000076ab00000, 0x0000000780380000, 0x00000007c0000000)
  eden space 251392K, 0% used [0x000000076ab00000,0x000000076ab00000,0x000000077a080000)
  from space 25600K, 69% used [0x000000077a080000,0x000000077b1c2f58,0x000000077b980000)
  to   space 26624K, 0% used [0x000000077e980000,0x000000077e980000,0x0000000780380000)
 ParOldGen       total 122368K, used 61376K [0x00000006c0000000, 0x00000006c7780000, 0x000000076ab00000)
  object space 122368K, 50% used [0x00000006c0000000,0x00000006c3bf01e8,0x00000006c7780000)
 Metaspace       used 75182K, capacity 77824K, committed 77912K, reserved 1116160K
  class space    used 9859K, capacity 10539K, committed 10584K, reserved 1048576K
}
Event: 237.296 GC heap before
{Heap before GC invocations=15 (full 3):
 PSYoungGen      total 276992K, used 269067K [0x000000076ab00000, 0x0000000780380000, 0x00000007c0000000)
  eden space 251392K, 100% used [0x000000076ab00000,0x000000077a080000,0x000000077a080000)
  from space 25600K, 69% used [0x000000077a080000,0x000000077b1c2f58,0x000000077b980000)
  to   space 26624K, 0% used [0x000000077e980000,0x000000077e980000,0x0000000780380000)
 ParOldGen       total 122368K, used 61376K [0x00000006c0000000, 0x00000006c7780000, 0x000000076ab00000)
  object space 122368K, 50% used [0x00000006c0000000,0x00000006c3bf01e8,0x00000006c7780000)
 Metaspace       used 83839K, capacity 87100K, committed 87256K, reserved 1124352K
  class space    used 10870K, capacity 11617K, committed 11736K, reserved 1048576K
Event: 237.498 GC heap after
Heap after GC invocations=15 (full 3):
 PSYoungGen      total 323072K, used 24845K [0x000000076ab00000, 0x0000000781b80000, 0x00000007c0000000)
  eden space 296448K, 0% used [0x000000076ab00000,0x000000076ab00000,0x000000077cc80000)
  from space 26624K, 93% used [0x000000077e980000,0x00000007801c36b8,0x0000000780380000)
  to   space 29696K, 0% used [0x000000077cc80000,0x000000077cc80000,0x000000077e980000)
 ParOldGen       total 122368K, used 61384K [0x00000006c0000000, 0x00000006c7780000, 0x000000076ab00000)
  object space 122368K, 50% used [0x00000006c0000000,0x00000006c3bf21e8,0x00000006c7780000)
 Metaspace       used 83839K, capacity 87100K, committed 87256K, reserved 1124352K
  class space    used 10870K, capacity 11617K, committed 11736K, reserved 1048576K
}

